生成启动时间为 2017/3/11 16:38:40。
     1>项目“C:\Users\DELL\Documents\Visual Studio 2013\Projects\MarkerlessAr\MarkerlessAr\MarkerlessAr.vcxproj”在节点 2 上(Build 个目标)。
     1>ClCompile:
         E:\visual studio 2013 破解版\VC\bin\CL.exe /c /ZI /nologo /W3 /WX- /sdl /Od /Oy- /D WIN32 /D _DEBUG /D _CONSOLE /D _LIB /D _UNICODE /D UNICODE /Gm /EHsc /RTC1 /MDd /GS /fp:precise /Zc:wchar_t /Zc:forScope /Fo"Debug\\" /Fd"Debug\vc120.pdb" /FR"Debug\\" /Gd /TP /analyze- /errorReport:prompt main.cpp
         main.cpp
     1>c:\users\dell\documents\visual studio 2013\projects\markerlessar\markerlessar\debughelpers.hpp(42): warning C4018: “>”: 有符号/无符号不匹配
       Link:
         E:\visual studio 2013 破解版\VC\bin\link.exe /ERRORREPORT:PROMPT /OUT:"C:\Users\DELL\Documents\Visual Studio 2013\Projects\MarkerlessAr\Debug\MarkerlessAr.exe" /INCREMENTAL /NOLOGO opencv_ml2410d.lib opencv_calib3d2410d.lib opencv_contrib2410d.lib opencv_core2410d.lib opencv_features2d2410d.lib opencv_flann2410d.lib opencv_gpu2410d.lib opencv_highgui2410d.lib opencv_imgproc2410d.lib opencv_legacy2410d.lib opencv_objdetect2410d.lib opencv_ts2410d.lib opencv_video2410d.lib opencv_nonfree2410d.lib opencv_ocl2410d.lib opencv_photo2410d.lib opencv_stitching2410d.lib opencv_superres2410d.lib opencv_videostab2410d.lib kernel32.lib user32.lib gdi32.lib winspool.lib comdlg32.lib advapi32.lib shell32.lib ole32.lib oleaut32.lib uuid.lib odbc32.lib odbccp32.lib /MANIFEST /MANIFESTUAC:"level='asInvoker' uiAccess='false'" /manifest:embed /DEBUG /PDB:"C:\Users\DELL\Documents\Visual Studio 2013\Projects\MarkerlessAr\Debug\MarkerlessAr.pdb" /SUBSYSTEM:CONSOLE /TLBID:1 /DYNAMICBASE /NXCOMPAT /IMPLIB:"C:\Users\DELL\Documents\Visual Studio 2013\Projects\MarkerlessAr\Debug\MarkerlessAr.lib" /MACHINE:X86 Debug\ARDrawingContext.obj
         Debug\ARPipeline.obj
         Debug\CameraCalibration.obj
         Debug\GeometryTypes.obj
         Debug\main.obj
         Debug\Pattern.obj
         Debug\PatternDetector.obj
         MarkerlessAr.vcxproj -> C:\Users\DELL\Documents\Visual Studio 2013\Projects\MarkerlessAr\Debug\MarkerlessAr.exe
       BscMake:
         E:\visual studio 2013 破解版\VC\bin\bscmake.exe /nologo /o"C:\Users\DELL\Documents\Visual Studio 2013\Projects\MarkerlessAr\Debug\MarkerlessAr.bsc" /n Debug\ARDrawingContext.sbr Debug\ARPipeline.sbr Debug\CameraCalibration.sbr Debug\GeometryTypes.sbr Debug\main.sbr Debug\Pattern.sbr Debug\PatternDetector.sbr
     1>已完成生成项目“C:\Users\DELL\Documents\Visual Studio 2013\Projects\MarkerlessAr\MarkerlessAr\MarkerlessAr.vcxproj”(Build 个目标)的操作。

生成成功。

已用时间 00:00:10.07
