生成启动时间为 2015/6/30 13:51:42。
     1>项目“c:\Users\DELL\documents\visual studio 2013\Projects\MFCApplication3\MFCApplication3\MFCApplication3.vcxproj”在节点 2 上(Build 个目标)。
     1>ClCompile:
         E:\visual studio 2013 破解版\VC\bin\CL.exe /c /ZI /nologo /W3 /WX- /sdl /Od /Oy- /D WIN32 /D _WINDOWS /D _DEBUG /D _UNICODE /D UNICODE /D _AFXDLL /Gm /EHsc /RTC1 /MDd /GS /fp:precise /Zc:wchar_t /Zc:forScope /Yc"stdafx.h" /Fp"Debug\MFCApplication3.pch" /Fo"Debug\\" /Fd"Debug\vc120.pdb" /Gd /TP /analyze- /errorReport:prompt stdafx.cpp
         stdafx.cpp
         E:\visual studio 2013 破解版\VC\bin\CL.exe /c /ZI /nologo /W3 /WX- /sdl /Od /Oy- /D WIN32 /D _WINDOWS /D _DEBUG /D _UNICODE /D UNICODE /D _AFXDLL /Gm /EHsc /RTC1 /MDd /GS /fp:precise /Zc:wchar_t /Zc:forScope /Yu"stdafx.h" /Fp"Debug\MFCApplication3.pch" /Fo"Debug\\" /Fd"Debug\vc120.pdb" /Gd /TP /analyze- /errorReport:prompt MFCApplication3.cpp MFCApplication3Dlg.cpp
         MFCApplication3Dlg.cpp
         MFCApplication3.cpp
         正在生成代码...
       ResourceCompile:
         C:\Program Files (x86)\Windows Kits\8.1\bin\x86\rc.exe /D _DEBUG /D _UNICODE /D UNICODE /D _AFXDLL /l"0x0804" /IDebug\ /nologo /fo"Debug\MFCApplication3.res" MFCApplication3.rc 
       Link:
         E:\visual studio 2013 破解版\VC\bin\link.exe /ERRORREPORT:PROMPT /OUT:"c:\users\dell\documents\visual studio 2013\Projects\MFCApplication3\Debug\MFCApplication3.exe" /INCREMENTAL /NOLOGO /MANIFEST /MANIFESTUAC:"level='asInvoker' uiAccess='false'" /manifest:embed /manifestinput:"E:\visual studio 2013 破解版\VC\Include\Manifest\dpiaware.manifest" /DEBUG /PDB:"c:\users\dell\documents\visual studio 2013\Projects\MFCApplication3\Debug\MFCApplication3.pdb" /SUBSYSTEM:WINDOWS /TLBID:1 /ENTRY:"wWinMainCRTStartup" /DYNAMICBASE /NXCOMPAT /IMPLIB:"c:\users\dell\documents\visual studio 2013\Projects\MFCApplication3\Debug\MFCApplication3.lib" /MACHINE:X86 Debug\MFCApplication3.res
         Debug\MFCApplication3.obj
         Debug\MFCApplication3Dlg.obj
         Debug\stdafx.obj
         MFCApplication3.vcxproj -> c:\users\dell\documents\visual studio 2013\Projects\MFCApplication3\Debug\MFCApplication3.exe
     1>已完成生成项目“c:\Users\DELL\documents\visual studio 2013\Projects\MFCApplication3\MFCApplication3\MFCApplication3.vcxproj”(Build 个目标)的操作。

生成成功。

已用时间 00:00:11.96
