生成启动时间为 2017/3/11 16:00:22。
     1>项目“C:\Users\DELL\Documents\Visual Studio 2013\Projects\ARDLL\ARDLL\ARDLL.vcxproj”在节点 2 上(Rebuild 个目标)。
     1>ClCompile:
         E:\visual studio 2013 破解版\VC\bin\x86_amd64\CL.exe /c /Zi /nologo /W3 /WX- /sdl /O2 /Oi /GL /D WIN32 /D NDEBUG /D _WINDOWS /D _USRDLL /D ARDLL_EXPORTS /D _WINDLL /D _UNICODE /D UNICODE /Gm- /EHsc /MD /GS /Gy /fp:precise /Zc:wchar_t /Zc:forScope /Fo"x64\Release\\" /Fd"x64\Release\vc120.pdb" /Gd /TP /errorReport:prompt ARPipeline.cpp CameraCalibration.cpp GeometryTypes.cpp maintest.cpp Pattern.cpp PatternDetector.cpp
         ARPipeline.cpp
         CameraCalibration.cpp
         GeometryTypes.cpp
     1>GeometryTypes.cpp(34): warning C4244: “=”: 从“int”转换到“float”，可能丢失数据
     1>GeometryTypes.cpp(63): warning C4244: “=”: 从“int”转换到“float”，可能丢失数据
         maintest.cpp
         Pattern.cpp
         PatternDetector.cpp
     1>PatternDetector.cpp(63): warning C4244: “初始化”: 从“const int”转换到“const float”，可能丢失数据
     1>PatternDetector.cpp(64): warning C4244: “初始化”: 从“const int”转换到“const float”，可能丢失数据
       Link:
         E:\visual studio 2013 破解版\VC\bin\x86_amd64\link.exe /ERRORREPORT:PROMPT /OUT:"C:\Users\DELL\Documents\Visual Studio 2013\Projects\ARDLL\x64\Release\ARDLL.dll" /INCREMENTAL:NO /NOLOGO opencv_objdetect2410.lib opencv_ts2410.lib opencv_video2410.lib opencv_nonfree2410.lib opencv_ocl2410.lib opencv_photo2410.lib opencv_stitching2410.lib opencv_superres2410.lib opencv_videostab2410.lib opencv_calib3d2410.lib opencv_contrib2410.lib opencv_core2410.lib opencv_features2d2410.lib opencv_flann2410.lib opencv_gpu2410.lib opencv_highgui2410.lib opencv_imgproc2410.lib opencv_legacy2410.lib opencv_ml2410.lib kernel32.lib user32.lib gdi32.lib winspool.lib comdlg32.lib advapi32.lib shell32.lib ole32.lib oleaut32.lib uuid.lib odbc32.lib odbccp32.lib /MANIFEST /MANIFESTUAC:"level='asInvoker' uiAccess='false'" /manifest:embed /DEBUG /PDB:"C:\Users\DELL\Documents\Visual Studio 2013\Projects\ARDLL\x64\Release\ARDLL.pdb" /SUBSYSTEM:WINDOWS /OPT:REF /OPT:ICF /LTCG /TLBID:1 /DYNAMICBASE /NXCOMPAT /IMPLIB:"C:\Users\DELL\Documents\Visual Studio 2013\Projects\ARDLL\x64\Release\ARDLL.lib" /MACHINE:X64 /DLL x64\Release\ARPipeline.obj
         x64\Release\CameraCalibration.obj
         x64\Release\GeometryTypes.obj
         x64\Release\maintest.obj
         x64\Release\Pattern.obj
         x64\Release\PatternDetector.obj
            正在创建库 C:\Users\DELL\Documents\Visual Studio 2013\Projects\ARDLL\x64\Release\ARDLL.lib 和对象 C:\Users\DELL\Documents\Visual Studio 2013\Projects\ARDLL\x64\Release\ARDLL.exp
         正在生成代码
         已完成代码的生成
         ARDLL.vcxproj -> C:\Users\DELL\Documents\Visual Studio 2013\Projects\ARDLL\x64\Release\ARDLL.dll
     1>已完成生成项目“C:\Users\DELL\Documents\Visual Studio 2013\Projects\ARDLL\ARDLL\ARDLL.vcxproj”(Rebuild 个目标)的操作。

生成成功。

已用时间 00:00:07.95
