c:\users\dell\documents\visual studio 2013\projects\ardll\x64\debug\ardll.lib
c:\users\dell\documents\visual studio 2013\projects\ardll\x64\debug\ardll.exp
c:\users\dell\documents\visual studio 2013\projects\ardll\ardll\x64\debug\vc120.pdb
c:\users\dell\documents\visual studio 2013\projects\ardll\ardll\x64\debug\vc120.idb
c:\users\dell\documents\visual studio 2013\projects\ardll\ardll\x64\debug\arpipeline.obj
c:\users\dell\documents\visual studio 2013\projects\ardll\ardll\x64\debug\cameracalibration.obj
c:\users\dell\documents\visual studio 2013\projects\ardll\ardll\x64\debug\geometrytypes.obj
c:\users\dell\documents\visual studio 2013\projects\ardll\ardll\x64\debug\maintest.obj
c:\users\dell\documents\visual studio 2013\projects\ardll\ardll\x64\debug\pattern.obj
c:\users\dell\documents\visual studio 2013\projects\ardll\ardll\x64\debug\patterndetector.obj
c:\users\dell\documents\visual studio 2013\projects\ardll\x64\debug\ardll.ilk
c:\users\dell\documents\visual studio 2013\projects\ardll\x64\debug\ardll.dll
c:\users\dell\documents\visual studio 2013\projects\ardll\x64\debug\ardll.pdb
c:\users\dell\documents\visual studio 2013\projects\ardll\ardll\x64\debug\ardll.tlog\ardll.write.1u.tlog
c:\users\dell\documents\visual studio 2013\projects\ardll\ardll\x64\debug\ardll.tlog\cl.command.1.tlog
c:\users\dell\documents\visual studio 2013\projects\ardll\ardll\x64\debug\ardll.tlog\cl.read.1.tlog
c:\users\dell\documents\visual studio 2013\projects\ardll\ardll\x64\debug\ardll.tlog\cl.write.1.tlog
c:\users\dell\documents\visual studio 2013\projects\ardll\ardll\x64\debug\ardll.tlog\link.command.1.tlog
c:\users\dell\documents\visual studio 2013\projects\ardll\ardll\x64\debug\ardll.tlog\link.read.1.tlog
c:\users\dell\documents\visual studio 2013\projects\ardll\ardll\x64\debug\ardll.tlog\link.write.1.tlog
